{"/Users/tom/code/lindow-consulting/chat-glass/src/index.js": {"path":"/Users/tom/code/lindow-consulting/chat-glass/src/index.js","statementMap":{},"fnMap":{},"branchMap":{},"s":{},"f":{},"b":{},"meta":{"lastBranch":0,"lastFunction":0,"lastStatement":0,"seen":{}}}
,"/Users/tom/code/lindow-consulting/chat-glass/src/commands/clean.js": {"path":"/Users/tom/code/lindow-consulting/chat-glass/src/commands/clean.js","statementMap":{"0":{"start":{"line":6,"column":13},"end":{"line":6,"column":39}},"1":{"start":{"line":8,"column":2},"end":{"line":13,"column":null}},"2":{"start":{"line":9,"column":4},"end":{"line":9,"column":null}},"3":{"start":{"line":11,"column":4},"end":{"line":11,"column":null}},"4":{"start":{"line":12,"column":4},"end":{"line":12,"column":null}},"5":{"start":{"line":15,"column":18},"end":{"line":15,"column":58}},"6":{"start":{"line":15,"column":38},"end":{"line":15,"column":57}},"7":{"start":{"line":17,"column":2},"end":{"line":20,"column":null}},"8":{"start":{"line":18,"column":4},"end":{"line":18,"column":null}},"9":{"start":{"line":19,"column":4},"end":{"line":19,"column":null}},"10":{"start":{"line":22,"column":16},"end":{"line":22,"column":17}},"11":{"start":{"line":23,"column":2},"end":{"line":30,"column":null}},"12":{"start":{"line":24,"column":4},"end":{"line":29,"column":null}},"13":{"start":{"line":25,"column":6},"end":{"line":25,"column":null}},"14":{"start":{"line":26,"column":6},"end":{"line":26,"column":null}},"15":{"start":{"line":32,"column":2},"end":{"line":32,"column":null}}},"fnMap":{"0":{"name":"clean","decl":{"start":{"line":5,"column":30},"end":{"line":5,"column":35}},"loc":{"start":{"line":5,"column":38},"end":{"line":33,"column":null}},"line":5},"1":{"name":"(anonymous_1)","decl":{"start":{"line":15,"column":31},"end":{"line":15,"column":32}},"loc":{"start":{"line":15,"column":38},"end":{"line":15,"column":57}},"line":15}},"branchMap":{"0":{"loc":{"start":{"line":17,"column":2},"end":{"line":20,"column":null}},"type":"if","locations":[{"start":{"line":17,"column":2},"end":{"line":20,"column":null}},{"start":{},"end":{}}],"line":17}},"s":{"0":0,"1":0,"2":0,"3":0,"4":0,"5":0,"6":0,"7":0,"8":0,"9":0,"10":0,"11":0,"12":0,"13":0,"14":0,"15":0},"f":{"0":0,"1":0},"b":{"0":[0,0]},"meta":{"lastBranch":1,"lastFunction":2,"lastStatement":16,"seen":{"f:5:30:5:35":0,"s:6:13:6:39":0,"s:8:2:13:Infinity":1,"s:9:4:9:Infinity":2,"s:11:4:11:Infinity":3,"s:12:4:12:Infinity":4,"s:15:18:15:58":5,"f:15:31:15:32":1,"s:15:38:15:57":6,"b:17:2:20:Infinity:undefined:undefined:undefined:undefined":0,"s:17:2:20:Infinity":7,"s:18:4:18:Infinity":8,"s:19:4:19:Infinity":9,"s:22:16:22:17":10,"s:23:2:30:Infinity":11,"s:24:4:29:Infinity":12,"s:25:6:25:Infinity":13,"s:26:6:26:Infinity":14,"s:32:2:32:Infinity":15}}}
,"/Users/tom/code/lindow-consulting/chat-glass/src/commands/install-agent.js": {"path":"/Users/tom/code/lindow-consulting/chat-glass/src/commands/install-agent.js","statementMap":{"0":{"start":{"line":6,"column":18},"end":{"line":6,"column":49}},"1":{"start":{"line":7,"column":17},"end":{"line":7,"column":37}},"2":{"start":{"line":8,"column":20},"end":{"line":8,"column":51}},"3":{"start":{"line":9,"column":20},"end":{"line":9,"column":65}},"4":{"start":{"line":10,"column":16},"end":{"line":10,"column":52}},"5":{"start":{"line":13,"column":18},"end":{"line":13,"column":42}},"6":{"start":{"line":14,"column":16},"end":{"line":14,"column":38}},"7":{"start":{"line":16,"column":18},"end":{"line":18,"column":42}},"8":{"start":{"line":20,"column":18},"end":{"line":20,"column":49}},"9":{"start":{"line":24,"column":2},"end":{"line":29,"column":null}},"10":{"start":{"line":25,"column":4},"end":{"line":25,"column":null}},"11":{"start":{"line":27,"column":4},"end":{"line":27,"column":null}},"12":{"start":{"line":28,"column":4},"end":{"line":28,"column":null}},"13":{"start":{"line":32,"column":2},"end":{"line":40,"column":null}},"14":{"start":{"line":33,"column":21},"end":{"line":33,"column":39}},"15":{"start":{"line":34,"column":4},"end":{"line":34,"column":null}},"16":{"start":{"line":35,"column":4},"end":{"line":35,"column":null}},"17":{"start":{"line":36,"column":4},"end":{"line":39,"column":null}},"18":{"start":{"line":43,"column":2},"end":{"line":51,"column":null}},"19":{"start":{"line":44,"column":21},"end":{"line":44,"column":53}},"20":{"start":{"line":45,"column":4},"end":{"line":48,"column":null}},"21":{"start":{"line":46,"column":6},"end":{"line":46,"column":null}},"22":{"start":{"line":47,"column":6},"end":{"line":47,"column":null}},"23":{"start":{"line":54,"column":2},"end":{"line":54,"column":null}},"24":{"start":{"line":55,"column":2},"end":{"line":55,"column":null}},"25":{"start":{"line":57,"column":2},"end":{"line":63,"column":null}},"26":{"start":{"line":58,"column":4},"end":{"line":58,"column":null}},"27":{"start":{"line":59,"column":9},"end":{"line":63,"column":null}},"28":{"start":{"line":60,"column":4},"end":{"line":60,"column":null}},"29":{"start":{"line":62,"column":4},"end":{"line":62,"column":null}}},"fnMap":{"0":{"name":"installAgent","decl":{"start":{"line":12,"column":30},"end":{"line":12,"column":42}},"loc":{"start":{"line":12,"column":54},"end":{"line":64,"column":null}},"line":12}},"branchMap":{"0":{"loc":{"start":{"line":12,"column":43},"end":{"line":12,"column":52}},"type":"default-arg","locations":[{"start":{"line":12,"column":50},"end":{"line":12,"column":52}}],"line":12},"1":{"loc":{"start":{"line":16,"column":18},"end":{"line":18,"column":42}},"type":"cond-expr","locations":[{"start":{"line":17,"column":5},"end":{"line":17,"column":null}},{"start":{"line":18,"column":5},"end":{"line":18,"column":42}}],"line":16},"2":{"loc":{"start":{"line":32,"column":2},"end":{"line":40,"column":null}},"type":"if","locations":[{"start":{"line":32,"column":2},"end":{"line":40,"column":null}},{"start":{},"end":{}}],"line":32},"3":{"loc":{"start":{"line":45,"column":4},"end":{"line":48,"column":null}},"type":"if","locations":[{"start":{"line":45,"column":4},"end":{"line":48,"column":null}},{"start":{},"end":{}}],"line":45},"4":{"loc":{"start":{"line":57,"column":2},"end":{"line":63,"column":null}},"type":"if","locations":[{"start":{"line":57,"column":2},"end":{"line":63,"column":null}},{"start":{"line":59,"column":9},"end":{"line":63,"column":null}}],"line":57},"5":{"loc":{"start":{"line":59,"column":9},"end":{"line":63,"column":null}},"type":"if","locations":[{"start":{"line":59,"column":9},"end":{"line":63,"column":null}},{"start":{"line":61,"column":9},"end":{"line":63,"column":null}}],"line":59}},"s":{"0":0,"1":0,"2":0,"3":0,"4":0,"5":0,"6":0,"7":0,"8":0,"9":0,"10":0,"11":0,"12":0,"13":0,"14":0,"15":0,"16":0,"17":0,"18":0,"19":0,"20":0,"21":0,"22":0,"23":0,"24":0,"25":0,"26":0,"27":0,"28":0,"29":0},"f":{"0":0},"b":{"0":[0],"1":[0,0],"2":[0,0],"3":[0,0],"4":[0,0],"5":[0,0]},"meta":{"lastBranch":6,"lastFunction":1,"lastStatement":30,"seen":{"s:6:18:6:49":0,"s:7:17:7:37":1,"s:8:20:8:51":2,"s:9:20:9:65":3,"s:10:16:10:52":4,"f:12:30:12:42":0,"b:12:50:12:52":0,"s:13:18:13:42":5,"s:14:16:14:38":6,"s:16:18:18:42":7,"b:17:5:17:Infinity:18:5:18:42":1,"s:20:18:20:49":8,"s:24:2:29:Infinity":9,"s:25:4:25:Infinity":10,"s:27:4:27:Infinity":11,"s:28:4:28:Infinity":12,"b:32:2:40:Infinity:undefined:undefined:undefined:undefined":2,"s:32:2:40:Infinity":13,"s:33:21:33:39":14,"s:34:4:34:Infinity":15,"s:35:4:35:Infinity":16,"s:36:4:39:Infinity":17,"s:43:2:51:Infinity":18,"s:44:21:44:53":19,"b:45:4:48:Infinity:undefined:undefined:undefined:undefined":3,"s:45:4:48:Infinity":20,"s:46:6:46:Infinity":21,"s:47:6:47:Infinity":22,"s:54:2:54:Infinity":23,"s:55:2:55:Infinity":24,"b:57:2:63:Infinity:59:9:63:Infinity":4,"s:57:2:63:Infinity":25,"s:58:4:58:Infinity":26,"b:59:9:63:Infinity:61:9:63:Infinity":5,"s:59:9:63:Infinity":27,"s:60:4:60:Infinity":28,"s:62:4:62:Infinity":29}}}
,"/Users/tom/code/lindow-consulting/chat-glass/src/commands/list.js": {"path":"/Users/tom/code/lindow-consulting/chat-glass/src/commands/list.js","statementMap":{"0":{"start":{"line":6,"column":16},"end":{"line":6,"column":52}},"1":{"start":{"line":7,"column":2},"end":{"line":7,"column":null}},"2":{"start":{"line":11,"column":13},"end":{"line":11,"column":39}},"3":{"start":{"line":13,"column":2},"end":{"line":18,"column":null}},"4":{"start":{"line":14,"column":4},"end":{"line":14,"column":null}},"5":{"start":{"line":16,"column":4},"end":{"line":16,"column":null}},"6":{"start":{"line":17,"column":4},"end":{"line":17,"column":null}},"7":{"start":{"line":20,"column":20},"end":{"line":22,"column":39}},"8":{"start":{"line":21,"column":19},"end":{"line":21,"column":61}},"9":{"start":{"line":22,"column":20},"end":{"line":22,"column":38}},"10":{"start":{"line":24,"column":2},"end":{"line":27,"column":null}},"11":{"start":{"line":25,"column":4},"end":{"line":25,"column":null}},"12":{"start":{"line":26,"column":4},"end":{"line":26,"column":null}},"13":{"start":{"line":29,"column":2},"end":{"line":39,"column":null}},"14":{"start":{"line":30,"column":16},"end":{"line":30,"column":20}},"15":{"start":{"line":31,"column":4},"end":{"line":36,"column":null}},"16":{"start":{"line":32,"column":22},"end":{"line":32,"column":65}},"17":{"start":{"line":33,"column":6},"end":{"line":33,"column":null}},"18":{"start":{"line":37,"column":20},"end":{"line":37,"column":62}},"19":{"start":{"line":38,"column":4},"end":{"line":38,"column":null}},"20":{"start":{"line":41,"column":2},"end":{"line":41,"column":null}}},"fnMap":{"0":{"name":"extractTitle","decl":{"start":{"line":5,"column":9},"end":{"line":5,"column":21}},"loc":{"start":{"line":5,"column":28},"end":{"line":8,"column":null}},"line":5},"1":{"name":"list","decl":{"start":{"line":10,"column":30},"end":{"line":10,"column":34}},"loc":{"start":{"line":10,"column":37},"end":{"line":42,"column":null}},"line":10},"2":{"name":"(anonymous_2)","decl":{"start":{"line":21,"column":12},"end":{"line":21,"column":13}},"loc":{"start":{"line":21,"column":19},"end":{"line":21,"column":61}},"line":21},"3":{"name":"(anonymous_3)","decl":{"start":{"line":22,"column":10},"end":{"line":22,"column":11}},"loc":{"start":{"line":22,"column":20},"end":{"line":22,"column":38}},"line":22}},"branchMap":{"0":{"loc":{"start":{"line":7,"column":9},"end":{"line":7,"column":32}},"type":"cond-expr","locations":[{"start":{"line":7,"column":17},"end":{"line":7,"column":25}},{"start":{"line":7,"column":28},"end":{"line":7,"column":32}}],"line":7},"1":{"loc":{"start":{"line":21,"column":19},"end":{"line":21,"column":61}},"type":"binary-expr","locations":[{"start":{"line":21,"column":19},"end":{"line":21,"column":38}},{"start":{"line":21,"column":42},"end":{"line":21,"column":61}}],"line":21},"2":{"loc":{"start":{"line":24,"column":2},"end":{"line":27,"column":null}},"type":"if","locations":[{"start":{"line":24,"column":2},"end":{"line":27,"column":null}},{"start":{},"end":{}}],"line":24},"3":{"loc":{"start":{"line":37,"column":20},"end":{"line":37,"column":62}},"type":"cond-expr","locations":[{"start":{"line":37,"column":28},"end":{"line":37,"column":51}},{"start":{"line":37,"column":54},"end":{"line":37,"column":62}}],"line":37}},"s":{"0":0,"1":0,"2":0,"3":0,"4":0,"5":0,"6":0,"7":0,"8":0,"9":0,"10":0,"11":0,"12":0,"13":0,"14":0,"15":0,"16":0,"17":0,"18":0,"19":0,"20":0},"f":{"0":0,"1":0,"2":0,"3":0},"b":{"0":[0,0],"1":[0,0],"2":[0,0],"3":[0,0]},"meta":{"lastBranch":4,"lastFunction":4,"lastStatement":21,"seen":{"f:5:9:5:21":0,"s:6:16:6:52":0,"s:7:2:7:Infinity":1,"b:7:17:7:25:7:28:7:32":0,"f:10:30:10:34":1,"s:11:13:11:39":2,"s:13:2:18:Infinity":3,"s:14:4:14:Infinity":4,"s:16:4:16:Infinity":5,"s:17:4:17:Infinity":6,"s:20:20:22:39":7,"f:21:12:21:13":2,"s:21:19:21:61":8,"b:21:19:21:38:21:42:21:61":1,"f:22:10:22:11":3,"s:22:20:22:38":9,"b:24:2:27:Infinity:undefined:undefined:undefined:undefined":2,"s:24:2:27:Infinity":10,"s:25:4:25:Infinity":11,"s:26:4:26:Infinity":12,"s:29:2:39:Infinity":13,"s:30:16:30:20":14,"s:31:4:36:Infinity":15,"s:32:22:32:65":16,"s:33:6:33:Infinity":17,"s:37:20:37:62":18,"b:37:28:37:51:37:54:37:62":3,"s:38:4:38:Infinity":19,"s:41:2:41:Infinity":20}}}
,"/Users/tom/code/lindow-consulting/chat-glass/src/commands/show.js": {"path":"/Users/tom/code/lindow-consulting/chat-glass/src/commands/show.js","statementMap":{"0":{"start":{"line":8,"column":18},"end":{"line":8,"column":49}},"1":{"start":{"line":9,"column":17},"end":{"line":9,"column":37}},"2":{"start":{"line":10,"column":20},"end":{"line":10,"column":67}},"3":{"start":{"line":12,"column":32},"end":{"line":12,"column":36}},"4":{"start":{"line":13,"column":32},"end":{"line":13,"column":36}},"5":{"start":{"line":14,"column":31},"end":{"line":14,"column":34}},"6":{"start":{"line":15,"column":27},"end":{"line":15,"column":29}},"7":{"start":{"line":18,"column":2},"end":{"line":28,"column":null}},"8":{"start":{"line":19,"column":23},"end":{"line":19,"column":44}},"9":{"start":{"line":20,"column":20},"end":{"line":20,"column":81}},"10":{"start":{"line":20,"column":37},"end":{"line":20,"column":55}},"11":{"start":{"line":21,"column":16},"end":{"line":23,"column":6}},"12":{"start":{"line":24,"column":4},"end":{"line":24,"column":null}},"13":{"start":{"line":25,"column":4},"end":{"line":25,"column":null}},"14":{"start":{"line":27,"column":4},"end":{"line":27,"column":null}},"15":{"start":{"line":32,"column":2},"end":{"line":37,"column":null}},"16":{"start":{"line":33,"column":4},"end":{"line":33,"column":null}},"17":{"start":{"line":34,"column":4},"end":{"line":34,"column":null}},"18":{"start":{"line":36,"column":4},"end":{"line":36,"column":null}},"19":{"start":{"line":41,"column":13},"end":{"line":41,"column":34}},"20":{"start":{"line":43,"column":2},"end":{"line":47,"column":null}},"21":{"start":{"line":44,"column":4},"end":{"line":44,"column":null}},"22":{"start":{"line":46,"column":4},"end":{"line":46,"column":null}},"23":{"start":{"line":49,"column":20},"end":{"line":51,"column":11}},"24":{"start":{"line":50,"column":19},"end":{"line":50,"column":61}},"25":{"start":{"line":53,"column":2},"end":{"line":53,"column":null}},"26":{"start":{"line":53,"column":30},"end":{"line":53,"column":null}},"27":{"start":{"line":55,"column":17},"end":{"line":55,"column":48}},"28":{"start":{"line":56,"column":18},"end":{"line":56,"column":41}},"29":{"start":{"line":59,"column":2},"end":{"line":63,"column":null}},"30":{"start":{"line":60,"column":4},"end":{"line":60,"column":null}},"31":{"start":{"line":65,"column":2},"end":{"line":65,"column":null}},"32":{"start":{"line":69,"column":15},"end":{"line":72,"column":4}},"33":{"start":{"line":75,"column":15},"end":{"line":75,"column":17}},"34":{"start":{"line":76,"column":15},"end":{"line":76,"column":17}},"35":{"start":{"line":79,"column":15},"end":{"line":108,"column":4}},"36":{"start":{"line":80,"column":20},"end":{"line":82,"column":31}},"37":{"start":{"line":81,"column":6},"end":{"line":81,"column":null}},"38":{"start":{"line":84,"column":4},"end":{"line":91,"column":null}},"39":{"start":{"line":85,"column":6},"end":{"line":85,"column":null}},"40":{"start":{"line":86,"column":21},"end":{"line":86,"column":48}},"41":{"start":{"line":87,"column":6},"end":{"line":90,"column":null}},"42":{"start":{"line":88,"column":8},"end":{"line":88,"column":null}},"43":{"start":{"line":89,"column":8},"end":{"line":89,"column":null}},"44":{"start":{"line":93,"column":4},"end":{"line":95,"column":null}},"45":{"start":{"line":94,"column":6},"end":{"line":94,"column":null}},"46":{"start":{"line":97,"column":4},"end":{"line":100,"column":null}},"47":{"start":{"line":98,"column":6},"end":{"line":98,"column":null}},"48":{"start":{"line":99,"column":6},"end":{"line":99,"column":null}},"49":{"start":{"line":102,"column":4},"end":{"line":107,"column":null}},"50":{"start":{"line":103,"column":6},"end":{"line":106,"column":null}},"51":{"start":{"line":104,"column":8},"end":{"line":104,"column":null}},"52":{"start":{"line":105,"column":8},"end":{"line":105,"column":null}},"53":{"start":{"line":111,"column":2},"end":{"line":111,"column":null}},"54":{"start":{"line":112,"column":2},"end":{"line":112,"column":null}},"55":{"start":{"line":113,"column":2},"end":{"line":113,"column":null}},"56":{"start":{"line":115,"column":2},"end":{"line":115,"column":null}},"57":{"start":{"line":119,"column":2},"end":{"line":122,"column":null}},"58":{"start":{"line":119,"column":15},"end":{"line":119,"column":16}},"59":{"start":{"line":120,"column":4},"end":{"line":120,"column":null}},"60":{"start":{"line":120,"column":35},"end":{"line":120,"column":null}},"61":{"start":{"line":121,"column":4},"end":{"line":121,"column":null}},"62":{"start":{"line":121,"column":29},"end":{"line":121,"column":66}},"63":{"start":{"line":123,"column":2},"end":{"line":123,"column":null}},"64":{"start":{"line":128,"column":2},"end":{"line":128,"column":null}},"65":{"start":{"line":131,"column":2},"end":{"line":131,"column":null}},"66":{"start":{"line":134,"column":17},"end":{"line":134,"column":45}},"67":{"start":{"line":135,"column":13},"end":{"line":135,"column":24}},"68":{"start":{"line":136,"column":14},"end":{"line":136,"column":19}},"69":{"start":{"line":138,"column":14},"end":{"line":138,"column":19}},"70":{"start":{"line":139,"column":2},"end":{"line":148,"column":null}},"71":{"start":{"line":141,"column":4},"end":{"line":143,"column":null}},"72":{"start":{"line":142,"column":6},"end":{"line":142,"column":null}},"73":{"start":{"line":145,"column":4},"end":{"line":147,"column":null}},"74":{"start":{"line":146,"column":6},"end":{"line":146,"column":null}},"75":{"start":{"line":150,"column":2},"end":{"line":161,"column":null}},"76":{"start":{"line":152,"column":4},"end":{"line":152,"column":null}},"77":{"start":{"line":155,"column":18},"end":{"line":155,"column":42}},"78":{"start":{"line":156,"column":4},"end":{"line":158,"column":null}},"79":{"start":{"line":157,"column":6},"end":{"line":157,"column":null}},"80":{"start":{"line":160,"column":4},"end":{"line":160,"column":null}},"81":{"start":{"line":164,"column":2},"end":{"line":175,"column":null}},"82":{"start":{"line":165,"column":4},"end":{"line":170,"column":null}},"83":{"start":{"line":166,"column":19},"end":{"line":166,"column":72}},"84":{"start":{"line":167,"column":6},"end":{"line":167,"column":null}},"85":{"start":{"line":173,"column":26},"end":{"line":173,"column":54}},"86":{"start":{"line":174,"column":4},"end":{"line":174,"column":null}},"87":{"start":{"line":178,"column":2},"end":{"line":182,"column":null}},"88":{"start":{"line":179,"column":4},"end":{"line":179,"column":null}},"89":{"start":{"line":184,"column":2},"end":{"line":184,"column":null}},"90":{"start":{"line":188,"column":2},"end":{"line":201,"column":null}},"91":{"start":{"line":189,"column":22},"end":{"line":189,"column":38}},"92":{"start":{"line":190,"column":21},"end":{"line":190,"column":43}},"93":{"start":{"line":191,"column":4},"end":{"line":191,"column":null}},"94":{"start":{"line":193,"column":4},"end":{"line":199,"column":null}},"95":{"start":{"line":194,"column":6},"end":{"line":196,"column":null}},"96":{"start":{"line":198,"column":6},"end":{"line":198,"column":null}},"97":{"start":{"line":200,"column":4},"end":{"line":200,"column":null}}},"fnMap":{"0":{"name":"isServerAlive","decl":{"start":{"line":17,"column":15},"end":{"line":17,"column":28}},"loc":{"start":{"line":17,"column":35},"end":{"line":29,"column":null}},"line":17},"1":{"name":"(anonymous_1)","decl":{"start":{"line":20,"column":31},"end":{"line":20,"column":32}},"loc":{"start":{"line":20,"column":37},"end":{"line":20,"column":55}},"line":20},"2":{"name":"isProcessAlive","decl":{"start":{"line":31,"column":9},"end":{"line":31,"column":23}},"loc":{"start":{"line":31,"column":29},"end":{"line":38,"column":null}},"line":31},"3":{"name":"updateLatestSymlink","decl":{"start":{"line":40,"column":15},"end":{"line":40,"column":34}},"loc":{"start":{"line":40,"column":47},"end":{"line":66,"column":null}},"line":40},"4":{"name":"(anonymous_4)","decl":{"start":{"line":50,"column":12},"end":{"line":50,"column":13}},"loc":{"start":{"line":50,"column":19},"end":{"line":50,"column":61}},"line":50},"5":{"name":"spawnServer","decl":{"start":{"line":68,"column":15},"end":{"line":68,"column":26}},"loc":{"start":{"line":68,"column":39},"end":{"line":116,"column":null}},"line":68},"6":{"name":"(anonymous_6)","decl":{"start":{"line":79,"column":33},"end":{"line":79,"column":34}},"loc":{"start":{"line":79,"column":58},"end":{"line":108,"column":3}},"line":79},"7":{"name":"(anonymous_7)","decl":{"start":{"line":80,"column":31},"end":{"line":80,"column":32}},"loc":{"start":{"line":80,"column":37},"end":{"line":82,"column":5}},"line":80},"8":{"name":"(anonymous_8)","decl":{"start":{"line":84,"column":28},"end":{"line":84,"column":29}},"loc":{"start":{"line":84,"column":39},"end":{"line":91,"column":5}},"line":84},"9":{"name":"(anonymous_9)","decl":{"start":{"line":93,"column":28},"end":{"line":93,"column":29}},"loc":{"start":{"line":93,"column":39},"end":{"line":95,"column":5}},"line":93},"10":{"name":"(anonymous_10)","decl":{"start":{"line":97,"column":22},"end":{"line":97,"column":23}},"loc":{"start":{"line":97,"column":31},"end":{"line":100,"column":5}},"line":97},"11":{"name":"(anonymous_11)","decl":{"start":{"line":102,"column":21},"end":{"line":102,"column":22}},"loc":{"start":{"line":102,"column":31},"end":{"line":107,"column":5}},"line":102},"12":{"name":"waitForReady","decl":{"start":{"line":118,"column":15},"end":{"line":118,"column":27}},"loc":{"start":{"line":118,"column":68},"end":{"line":124,"column":null}},"line":118},"13":{"name":"(anonymous_13)","decl":{"start":{"line":121,"column":22},"end":{"line":121,"column":23}},"loc":{"start":{"line":121,"column":29},"end":{"line":121,"column":66}},"line":121},"14":{"name":"show","decl":{"start":{"line":126,"column":22},"end":{"line":126,"column":26}},"loc":{"start":{"line":126,"column":68},"end":{"line":185,"column":null}},"line":126},"15":{"name":"showCommand","decl":{"start":{"line":187,"column":30},"end":{"line":187,"column":41}},"loc":{"start":{"line":187,"column":44},"end":{"line":202,"column":null}},"line":187}},"branchMap":{"0":{"loc":{"start":{"line":50,"column":19},"end":{"line":50,"column":61}},"type":"binary-expr","locations":[{"start":{"line":50,"column":19},"end":{"line":50,"column":38}},{"start":{"line":50,"column":42},"end":{"line":50,"column":61}}],"line":50},"1":{"loc":{"start":{"line":53,"column":2},"end":{"line":53,"column":null}},"type":"if","locations":[{"start":{"line":53,"column":2},"end":{"line":53,"column":null}},{"start":{},"end":{}}],"line":53},"2":{"loc":{"start":{"line":87,"column":6},"end":{"line":90,"column":null}},"type":"if","locations":[{"start":{"line":87,"column":6},"end":{"line":90,"column":null}},{"start":{},"end":{}}],"line":87},"3":{"loc":{"start":{"line":103,"column":6},"end":{"line":106,"column":null}},"type":"if","locations":[{"start":{"line":103,"column":6},"end":{"line":106,"column":null}},{"start":{},"end":{}}],"line":103},"4":{"loc":{"start":{"line":103,"column":10},"end":{"line":103,"column":37}},"type":"binary-expr","locations":[{"start":{"line":103,"column":10},"end":{"line":103,"column":23}},{"start":{"line":103,"column":27},"end":{"line":103,"column":37}}],"line":103},"5":{"loc":{"start":{"line":105,"column":25},"end":{"line":105,"column":75}},"type":"binary-expr","locations":[{"start":{"line":105,"column":25},"end":{"line":105,"column":38}},{"start":{"line":105,"column":42},"end":{"line":105,"column":75}}],"line":105},"6":{"loc":{"start":{"line":118,"column":34},"end":{"line":118,"column":66}},"type":"default-arg","locations":[{"start":{"line":118,"column":48},"end":{"line":118,"column":66}}],"line":118},"7":{"loc":{"start":{"line":120,"column":4},"end":{"line":120,"column":null}},"type":"if","locations":[{"start":{"line":120,"column":4},"end":{"line":120,"column":null}},{"start":{},"end":{}}],"line":120},"8":{"loc":{"start":{"line":126,"column":39},"end":{"line":126,"column":66}},"type":"default-arg","locations":[{"start":{"line":126,"column":64},"end":{"line":126,"column":66}}],"line":126},"9":{"loc":{"start":{"line":126,"column":41},"end":{"line":126,"column":59}},"type":"default-arg","locations":[{"start":{"line":126,"column":55},"end":{"line":126,"column":59}}],"line":126},"10":{"loc":{"start":{"line":139,"column":2},"end":{"line":148,"column":null}},"type":"if","locations":[{"start":{"line":139,"column":2},"end":{"line":148,"column":null}},{"start":{},"end":{}}],"line":139},"11":{"loc":{"start":{"line":139,"column":6},"end":{"line":139,"column":24}},"type":"binary-expr","locations":[{"start":{"line":139,"column":6},"end":{"line":139,"column":10}},{"start":{"line":139,"column":14},"end":{"line":139,"column":24}}],"line":139},"12":{"loc":{"start":{"line":141,"column":4},"end":{"line":143,"column":null}},"type":"if","locations":[{"start":{"line":141,"column":4},"end":{"line":143,"column":null}},{"start":{},"end":{}}],"line":141},"13":{"loc":{"start":{"line":145,"column":4},"end":{"line":147,"column":null}},"type":"if","locations":[{"start":{"line":145,"column":4},"end":{"line":147,"column":null}},{"start":{},"end":{}}],"line":145},"14":{"loc":{"start":{"line":150,"column":2},"end":{"line":161,"column":null}},"type":"if","locations":[{"start":{"line":150,"column":2},"end":{"line":161,"column":null}},{"start":{},"end":{}}],"line":150},"15":{"loc":{"start":{"line":156,"column":4},"end":{"line":158,"column":null}},"type":"if","locations":[{"start":{"line":156,"column":4},"end":{"line":158,"column":null}},{"start":{},"end":{}}],"line":156},"16":{"loc":{"start":{"line":164,"column":2},"end":{"line":175,"column":null}},"type":"if","locations":[{"start":{"line":164,"column":2},"end":{"line":175,"column":null}},{"start":{},"end":{}}],"line":164},"17":{"loc":{"start":{"line":164,"column":6},"end":{"line":164,"column":26}},"type":"binary-expr","locations":[{"start":{"line":164,"column":6},"end":{"line":164,"column":11}},{"start":{"line":164,"column":15},"end":{"line":164,"column":26}}],"line":164},"18":{"loc":{"start":{"line":193,"column":4},"end":{"line":199,"column":null}},"type":"if","locations":[{"start":{"line":193,"column":4},"end":{"line":199,"column":null}},{"start":{"line":197,"column":11},"end":{"line":199,"column":null}}],"line":193}},"s":{"0":1,"1":1,"2":1,"3":1,"4":1,"5":1,"6":1,"7":6,"8":6,"9":6,"10":0,"11":6,"12":6,"13":6,"14":0,"15":2,"16":2,"17":2,"18":1,"19":6,"20":6,"21":6,"22":0,"23":6,"24":2,"25":6,"26":5,"27":1,"28":1,"29":1,"30":1,"31":1,"32":5,"33":5,"34":5,"35":5,"36":5,"37":0,"38":5,"39":5,"40":5,"41":5,"42":5,"43":5,"44":5,"45":0,"46":5,"47":0,"48":0,"49":5,"50":5,"51":0,"52":0,"53":5,"54":5,"55":5,"56":5,"57":5,"58":5,"59":5,"60":5,"61":0,"62":0,"63":0,"64":6,"65":6,"66":6,"67":6,"68":6,"69":6,"70":6,"71":2,"72":1,"73":2,"74":1,"75":6,"76":5,"77":5,"78":5,"79":0,"80":5,"81":6,"82":0,"83":0,"84":0,"85":0,"86":0,"87":6,"88":6,"89":6,"90":0,"91":0,"92":0,"93":0,"94":0,"95":0,"96":0,"97":0},"f":{"0":6,"1":0,"2":2,"3":6,"4":2,"5":5,"6":5,"7":0,"8":5,"9":0,"10":0,"11":5,"12":5,"13":0,"14":6,"15":0},"b":{"0":[2,2],"1":[5,1],"2":[5,0],"3":[0,5],"4":[5,0],"5":[0,0],"6":[5],"7":[5,0],"8":[6],"9":[6],"10":[2,4],"11":[6,2],"12":[1,1],"13":[1,1],"14":[5,1],"15":[0,5],"16":[0,6],"17":[6,5],"18":[0,0]},"meta":{"lastBranch":19,"lastFunction":16,"lastStatement":98,"seen":{"s:8:18:8:49":0,"s:9:17:9:37":1,"s:10:20:10:67":2,"s:12:32:12:36":3,"s:13:32:13:36":4,"s:14:31:14:34":5,"s:15:27:15:29":6,"f:17:15:17:28":0,"s:18:2:28:Infinity":7,"s:19:23:19:44":8,"s:20:20:20:81":9,"f:20:31:20:32":1,"s:20:37:20:55":10,"s:21:16:23:6":11,"s:24:4:24:Infinity":12,"s:25:4:25:Infinity":13,"s:27:4:27:Infinity":14,"f:31:9:31:23":2,"s:32:2:37:Infinity":15,"s:33:4:33:Infinity":16,"s:34:4:34:Infinity":17,"s:36:4:36:Infinity":18,"f:40:15:40:34":3,"s:41:13:41:34":19,"s:43:2:47:Infinity":20,"s:44:4:44:Infinity":21,"s:46:4:46:Infinity":22,"s:49:20:51:11":23,"f:50:12:50:13":4,"s:50:19:50:61":24,"b:50:19:50:38:50:42:50:61":0,"b:53:2:53:Infinity:undefined:undefined:undefined:undefined":1,"s:53:2:53:Infinity":25,"s:53:30:53:Infinity":26,"s:55:17:55:48":27,"s:56:18:56:41":28,"s:59:2:63:Infinity":29,"s:60:4:60:Infinity":30,"s:65:2:65:Infinity":31,"f:68:15:68:26":5,"s:69:15:72:4":32,"s:75:15:75:17":33,"s:76:15:76:17":34,"s:79:15:108:4":35,"f:79:33:79:34":6,"s:80:20:82:31":36,"f:80:31:80:32":7,"s:81:6:81:Infinity":37,"s:84:4:91:Infinity":38,"f:84:28:84:29":8,"s:85:6:85:Infinity":39,"s:86:21:86:48":40,"b:87:6:90:Infinity:undefined:undefined:undefined:undefined":2,"s:87:6:90:Infinity":41,"s:88:8:88:Infinity":42,"s:89:8:89:Infinity":43,"s:93:4:95:Infinity":44,"f:93:28:93:29":9,"s:94:6:94:Infinity":45,"s:97:4:100:Infinity":46,"f:97:22:97:23":10,"s:98:6:98:Infinity":47,"s:99:6:99:Infinity":48,"s:102:4:107:Infinity":49,"f:102:21:102:22":11,"b:103:6:106:Infinity:undefined:undefined:undefined:undefined":3,"s:103:6:106:Infinity":50,"b:103:10:103:23:103:27:103:37":4,"s:104:8:104:Infinity":51,"s:105:8:105:Infinity":52,"b:105:25:105:38:105:42:105:75":5,"s:111:2:111:Infinity":53,"s:112:2:112:Infinity":54,"s:113:2:113:Infinity":55,"s:115:2:115:Infinity":56,"f:118:15:118:27":12,"b:118:48:118:66":6,"s:119:2:122:Infinity":57,"s:119:15:119:16":58,"b:120:4:120:Infinity:undefined:undefined:undefined:undefined":7,"s:120:4:120:Infinity":59,"s:120:35:120:Infinity":60,"s:121:4:121:Infinity":61,"f:121:22:121:23":13,"s:121:29:121:66":62,"s:123:2:123:Infinity":63,"f:126:22:126:26":14,"b:126:64:126:66":8,"b:126:55:126:59":9,"s:128:2:128:Infinity":64,"s:131:2:131:Infinity":65,"s:134:17:134:45":66,"s:135:13:135:24":67,"s:136:14:136:19":68,"s:138:14:138:19":69,"b:139:2:148:Infinity:undefined:undefined:undefined:undefined":10,"s:139:2:148:Infinity":70,"b:139:6:139:10:139:14:139:24":11,"b:141:4:143:Infinity:undefined:undefined:undefined:undefined":12,"s:141:4:143:Infinity":71,"s:142:6:142:Infinity":72,"b:145:4:147:Infinity:undefined:undefined:undefined:undefined":13,"s:145:4:147:Infinity":73,"s:146:6:146:Infinity":74,"b:150:2:161:Infinity:undefined:undefined:undefined:undefined":14,"s:150:2:161:Infinity":75,"s:152:4:152:Infinity":76,"s:155:18:155:42":77,"b:156:4:158:Infinity:undefined:undefined:undefined:undefined":15,"s:156:4:158:Infinity":78,"s:157:6:157:Infinity":79,"s:160:4:160:Infinity":80,"b:164:2:175:Infinity:undefined:undefined:undefined:undefined":16,"s:164:2:175:Infinity":81,"b:164:6:164:11:164:15:164:26":17,"s:165:4:170:Infinity":82,"s:166:19:166:72":83,"s:167:6:167:Infinity":84,"s:173:26:173:54":85,"s:174:4:174:Infinity":86,"s:178:2:182:Infinity":87,"s:179:4:179:Infinity":88,"s:184:2:184:Infinity":89,"f:187:30:187:41":15,"s:188:2:201:Infinity":90,"s:189:22:189:38":91,"s:190:21:190:43":92,"s:191:4:191:Infinity":93,"b:193:4:199:Infinity:197:11:199:Infinity":18,"s:193:4:199:Infinity":94,"s:194:6:196:Infinity":95,"s:198:6:198:Infinity":96,"s:200:4:200:Infinity":97}}}
,"/Users/tom/code/lindow-consulting/chat-glass/src/server/index.js": {"path":"/Users/tom/code/lindow-consulting/chat-glass/src/server/index.js","statementMap":{"0":{"start":{"line":10,"column":24},"end":{"line":10,"column":38}},"1":{"start":{"line":11,"column":31},"end":{"line":11,"column":40}},"2":{"start":{"line":14,"column":2},"end":{"line":14,"column":null}},"3":{"start":{"line":16,"column":15},"end":{"line":16,"column":35}},"4":{"start":{"line":17,"column":20},"end":{"line":17,"column":30}},"5":{"start":{"line":18,"column":21},"end":{"line":18,"column":31}},"6":{"start":{"line":21,"column":4},"end":{"line":21,"column":null}},"7":{"start":{"line":25,"column":18},"end":{"line":25,"column":27}},"8":{"start":{"line":28,"column":4},"end":{"line":32,"column":null}},"9":{"start":{"line":29,"column":6},"end":{"line":31,"column":null}},"10":{"start":{"line":30,"column":8},"end":{"line":30,"column":null}},"11":{"start":{"line":36,"column":16},"end":{"line":40,"column":4}},"12":{"start":{"line":39,"column":23},"end":{"line":39,"column":42}},"13":{"start":{"line":42,"column":20},"end":{"line":42,"column":41}},"14":{"start":{"line":45,"column":14},"end":{"line":45,"column":70}},"15":{"start":{"line":47,"column":2},"end":{"line":52,"column":null}},"16":{"start":{"line":48,"column":4},"end":{"line":48,"column":null}},"17":{"start":{"line":49,"column":4},"end":{"line":49,"column":null}},"18":{"start":{"line":50,"column":4},"end":{"line":50,"column":null}},"19":{"start":{"line":50,"column":25},"end":{"line":50,"column":43}},"20":{"start":{"line":51,"column":4},"end":{"line":51,"column":null}},"21":{"start":{"line":51,"column":25},"end":{"line":51,"column":43}},"22":{"start":{"line":55,"column":17},"end":{"line":58,"column":4}},"23":{"start":{"line":56,"column":4},"end":{"line":56,"column":null}},"24":{"start":{"line":57,"column":4},"end":{"line":57,"column":null}},"25":{"start":{"line":61,"column":20},"end":{"line":65,"column":28}},"26":{"start":{"line":62,"column":4},"end":{"line":64,"column":null}},"27":{"start":{"line":63,"column":6},"end":{"line":63,"column":null}},"28":{"start":{"line":66,"column":2},"end":{"line":66,"column":null}},"29":{"start":{"line":69,"column":2},"end":{"line":74,"column":null}},"30":{"start":{"line":77,"column":2},"end":{"line":80,"column":null}},"31":{"start":{"line":78,"column":4},"end":{"line":78,"column":null}},"32":{"start":{"line":79,"column":4},"end":{"line":79,"column":null}},"33":{"start":{"line":84,"column":4},"end":{"line":84,"column":null}},"34":{"start":{"line":85,"column":4},"end":{"line":85,"column":null}},"35":{"start":{"line":87,"column":4},"end":{"line":89,"column":null}},"36":{"start":{"line":88,"column":6},"end":{"line":88,"column":null}},"37":{"start":{"line":90,"column":4},"end":{"line":90,"column":null}},"38":{"start":{"line":92,"column":4},"end":{"line":92,"column":null}},"39":{"start":{"line":94,"column":4},"end":{"line":94,"column":null}},"40":{"start":{"line":94,"column":35},"end":{"line":94,"column":60}},"41":{"start":{"line":97,"column":4},"end":{"line":101,"column":null}},"42":{"start":{"line":98,"column":6},"end":{"line":98,"column":null}},"43":{"start":{"line":104,"column":2},"end":{"line":104,"column":null}}},"fnMap":{"0":{"name":"startServer","decl":{"start":{"line":13,"column":22},"end":{"line":13,"column":33}},"loc":{"start":{"line":13,"column":46},"end":{"line":105,"column":null}},"line":13},"1":{"name":"touchActivity","decl":{"start":{"line":20,"column":11},"end":{"line":20,"column":24}},"loc":{"start":{"line":20,"column":27},"end":{"line":22,"column":null}},"line":20},"2":{"name":"broadcast","decl":{"start":{"line":27,"column":11},"end":{"line":27,"column":20}},"loc":{"start":{"line":27,"column":30},"end":{"line":33,"column":null}},"line":27},"3":{"name":"(anonymous_3)","decl":{"start":{"line":39,"column":16},"end":{"line":39,"column":17}},"loc":{"start":{"line":39,"column":23},"end":{"line":39,"column":42}},"line":39},"4":{"name":"(anonymous_4)","decl":{"start":{"line":47,"column":23},"end":{"line":47,"column":24}},"loc":{"start":{"line":47,"column":31},"end":{"line":52,"column":3}},"line":47},"5":{"name":"(anonymous_5)","decl":{"start":{"line":50,"column":19},"end":{"line":50,"column":20}},"loc":{"start":{"line":50,"column":25},"end":{"line":50,"column":43}},"line":50},"6":{"name":"(anonymous_6)","decl":{"start":{"line":51,"column":19},"end":{"line":51,"column":20}},"loc":{"start":{"line":51,"column":25},"end":{"line":51,"column":43}},"line":51},"7":{"name":"(anonymous_7)","decl":{"start":{"line":55,"column":44},"end":{"line":55,"column":45}},"loc":{"start":{"line":55,"column":50},"end":{"line":58,"column":3}},"line":55},"8":{"name":"(anonymous_8)","decl":{"start":{"line":61,"column":32},"end":{"line":61,"column":37}},"loc":{"start":{"line":61,"column":44},"end":{"line":65,"column":3}},"line":61},"9":{"name":"(anonymous_9)","decl":{"start":{"line":77,"column":20},"end":{"line":77,"column":21}},"loc":{"start":{"line":77,"column":41},"end":{"line":80,"column":3}},"line":77},"10":{"name":"close","decl":{"start":{"line":83,"column":17},"end":{"line":83,"column":22}},"loc":{"start":{"line":83,"column":25},"end":{"line":102,"column":null}},"line":83},"11":{"name":"(anonymous_11)","decl":{"start":{"line":94,"column":22},"end":{"line":94,"column":23}},"loc":{"start":{"line":94,"column":35},"end":{"line":94,"column":60}},"line":94}},"branchMap":{"0":{"loc":{"start":{"line":29,"column":6},"end":{"line":31,"column":null}},"type":"if","locations":[{"start":{"line":29,"column":6},"end":{"line":31,"column":null}},{"start":{},"end":{}}],"line":29},"1":{"loc":{"start":{"line":62,"column":4},"end":{"line":64,"column":null}},"type":"if","locations":[{"start":{"line":62,"column":4},"end":{"line":64,"column":null}},{"start":{},"end":{}}],"line":62}},"s":{"0":7,"1":7,"2":19,"3":19,"4":19,"5":19,"6":9,"7":19,"8":4,"9":4,"10":4,"11":19,"12":2,"13":19,"14":19,"15":19,"16":5,"17":5,"18":5,"19":5,"20":5,"21":0,"22":19,"23":1,"24":1,"25":19,"26":0,"27":0,"28":19,"29":19,"30":19,"31":19,"32":19,"33":19,"34":19,"35":19,"36":5,"37":19,"38":19,"39":19,"40":19,"41":19,"42":19,"43":19},"f":{"0":19,"1":9,"2":4,"3":2,"4":5,"5":5,"6":0,"7":1,"8":0,"9":19,"10":19,"11":19},"b":{"0":[4,0],"1":[0,0]},"meta":{"lastBranch":2,"lastFunction":12,"lastStatement":44,"seen":{"s:10:24:10:38":0,"s:11:31:11:40":1,"f:13:22:13:33":0,"s:14:2:14:Infinity":2,"s:16:15:16:35":3,"s:17:20:17:30":4,"s:18:21:18:31":5,"f:20:11:20:24":1,"s:21:4:21:Infinity":6,"s:25:18:25:27":7,"f:27:11:27:20":2,"s:28:4:32:Infinity":8,"b:29:6:31:Infinity:undefined:undefined:undefined:undefined":0,"s:29:6:31:Infinity":9,"s:30:8:30:Infinity":10,"s:36:16:40:4":11,"f:39:16:39:17":3,"s:39:23:39:42":12,"s:42:20:42:41":13,"s:45:14:45:70":14,"s:47:2:52:Infinity":15,"f:47:23:47:24":4,"s:48:4:48:Infinity":16,"s:49:4:49:Infinity":17,"s:50:4:50:Infinity":18,"f:50:19:50:20":5,"s:50:25:50:43":19,"s:51:4:51:Infinity":20,"f:51:19:51:20":6,"s:51:25:51:43":21,"s:55:17:58:4":22,"f:55:44:55:45":7,"s:56:4:56:Infinity":23,"s:57:4:57:Infinity":24,"s:61:20:65:28":25,"f:61:32:61:37":8,"b:62:4:64:Infinity:undefined:undefined:undefined:undefined":1,"s:62:4:64:Infinity":26,"s:63:6:63:Infinity":27,"s:66:2:66:Infinity":28,"s:69:2:74:Infinity":29,"s:77:2:80:Infinity":30,"f:77:20:77:21":9,"s:78:4:78:Infinity":31,"s:79:4:79:Infinity":32,"f:83:17:83:22":10,"s:84:4:84:Infinity":33,"s:85:4:85:Infinity":34,"s:87:4:89:Infinity":35,"s:88:6:88:Infinity":36,"s:90:4:90:Infinity":37,"s:92:4:92:Infinity":38,"s:94:4:94:Infinity":39,"f:94:22:94:23":11,"s:94:35:94:60":40,"s:97:4:101:Infinity":41,"s:98:6:98:Infinity":42,"s:104:2:104:Infinity":43}}}
,"/Users/tom/code/lindow-consulting/chat-glass/src/server/routes.js": {"path":"/Users/tom/code/lindow-consulting/chat-glass/src/server/routes.js","statementMap":{"0":{"start":{"line":7,"column":18},"end":{"line":7,"column":49}},"1":{"start":{"line":8,"column":17},"end":{"line":8,"column":37}},"2":{"start":{"line":9,"column":13},"end":{"line":9,"column":41}},"3":{"start":{"line":12,"column":15},"end":{"line":12,"column":35}},"4":{"start":{"line":13,"column":2},"end":{"line":16,"column":null}},"5":{"start":{"line":17,"column":2},"end":{"line":17,"column":null}},"6":{"start":{"line":21,"column":2},"end":{"line":24,"column":null}},"7":{"start":{"line":25,"column":2},"end":{"line":25,"column":null}},"8":{"start":{"line":29,"column":2},"end":{"line":29,"column":null}},"9":{"start":{"line":33,"column":2},"end":{"line":38,"column":null}},"10":{"start":{"line":34,"column":17},"end":{"line":34,"column":62}},"11":{"start":{"line":35,"column":4},"end":{"line":35,"column":null}},"12":{"start":{"line":37,"column":4},"end":{"line":37,"column":null}},"13":{"start":{"line":42,"column":16},"end":{"line":42,"column":52}},"14":{"start":{"line":43,"column":2},"end":{"line":43,"column":null}},"15":{"start":{"line":47,"column":16},"end":{"line":47,"column":61}},"16":{"start":{"line":48,"column":2},"end":{"line":48,"column":null}},"17":{"start":{"line":48,"column":13},"end":{"line":48,"column":null}},"18":{"start":{"line":49,"column":20},"end":{"line":49,"column":58}},"19":{"start":{"line":50,"column":2},"end":{"line":50,"column":null}},"20":{"start":{"line":54,"column":15},"end":{"line":54,"column":36}},"21":{"start":{"line":56,"column":2},"end":{"line":146,"column":null}},"22":{"start":{"line":57,"column":16},"end":{"line":57,"column":62}},"23":{"start":{"line":58,"column":17},"end":{"line":58,"column":29}},"24":{"start":{"line":60,"column":4},"end":{"line":64,"column":null}},"25":{"start":{"line":61,"column":6},"end":{"line":61,"column":null}},"26":{"start":{"line":62,"column":6},"end":{"line":62,"column":null}},"27":{"start":{"line":63,"column":6},"end":{"line":63,"column":null}},"28":{"start":{"line":67,"column":4},"end":{"line":70,"column":null}},"29":{"start":{"line":68,"column":6},"end":{"line":68,"column":null}},"30":{"start":{"line":69,"column":6},"end":{"line":69,"column":null}},"31":{"start":{"line":73,"column":4},"end":{"line":76,"column":null}},"32":{"start":{"line":74,"column":6},"end":{"line":74,"column":null}},"33":{"start":{"line":75,"column":6},"end":{"line":75,"column":null}},"34":{"start":{"line":79,"column":4},"end":{"line":84,"column":null}},"35":{"start":{"line":80,"column":6},"end":{"line":80,"column":null}},"36":{"start":{"line":81,"column":6},"end":{"line":81,"column":null}},"37":{"start":{"line":82,"column":6},"end":{"line":82,"column":null}},"38":{"start":{"line":83,"column":6},"end":{"line":83,"column":null}},"39":{"start":{"line":87,"column":4},"end":{"line":95,"column":null}},"40":{"start":{"line":88,"column":19},"end":{"line":88,"column":31}},"41":{"start":{"line":89,"column":6},"end":{"line":93,"column":null}},"42":{"start":{"line":94,"column":6},"end":{"line":94,"column":null}},"43":{"start":{"line":98,"column":4},"end":{"line":126,"column":null}},"44":{"start":{"line":99,"column":6},"end":{"line":124,"column":null}},"45":{"start":{"line":100,"column":22},"end":{"line":100,"column":42}},"46":{"start":{"line":101,"column":26},"end":{"line":103,"column":9}},"47":{"start":{"line":102,"column":16},"end":{"line":102,"column":null}},"48":{"start":{"line":105,"column":24},"end":{"line":117,"column":9}},"49":{"start":{"line":107,"column":24},"end":{"line":107,"column":28}},"50":{"start":{"line":108,"column":12},"end":{"line":113,"column":null}},"51":{"start":{"line":109,"column":30},"end":{"line":109,"column":75}},"52":{"start":{"line":110,"column":14},"end":{"line":110,"column":null}},"53":{"start":{"line":114,"column":30},"end":{"line":114,"column":56}},"54":{"start":{"line":115,"column":12},"end":{"line":115,"column":null}},"55":{"start":{"line":120,"column":8},"end":{"line":120,"column":null}},"56":{"start":{"line":120,"column":31},"end":{"line":120,"column":67}},"57":{"start":{"line":121,"column":8},"end":{"line":121,"column":null}},"58":{"start":{"line":123,"column":8},"end":{"line":123,"column":null}},"59":{"start":{"line":125,"column":6},"end":{"line":125,"column":null}},"60":{"start":{"line":129,"column":4},"end":{"line":143,"column":null}},"61":{"start":{"line":130,"column":23},"end":{"line":130,"column":51}},"62":{"start":{"line":132,"column":6},"end":{"line":135,"column":null}},"63":{"start":{"line":133,"column":8},"end":{"line":133,"column":null}},"64":{"start":{"line":134,"column":8},"end":{"line":134,"column":null}},"65":{"start":{"line":136,"column":6},"end":{"line":141,"column":null}},"66":{"start":{"line":137,"column":21},"end":{"line":137,"column":66}},"67":{"start":{"line":138,"column":8},"end":{"line":138,"column":null}},"68":{"start":{"line":140,"column":8},"end":{"line":140,"column":null}},"69":{"start":{"line":142,"column":6},"end":{"line":142,"column":null}},"70":{"start":{"line":145,"column":4},"end":{"line":145,"column":null}}},"fnMap":{"0":{"name":"sendJSON","decl":{"start":{"line":11,"column":9},"end":{"line":11,"column":17}},"loc":{"start":{"line":11,"column":41},"end":{"line":18,"column":null}},"line":11},"1":{"name":"sendHTML","decl":{"start":{"line":20,"column":9},"end":{"line":20,"column":17}},"loc":{"start":{"line":20,"column":41},"end":{"line":26,"column":null}},"line":20},"2":{"name":"send404","decl":{"start":{"line":28,"column":9},"end":{"line":28,"column":16}},"loc":{"start":{"line":28,"column":22},"end":{"line":30,"column":null}},"line":28},"3":{"name":"serveUIFile","decl":{"start":{"line":32,"column":15},"end":{"line":32,"column":26}},"loc":{"start":{"line":32,"column":42},"end":{"line":39,"column":null}},"line":32},"4":{"name":"extractTitle","decl":{"start":{"line":41,"column":9},"end":{"line":41,"column":21}},"loc":{"start":{"line":41,"column":28},"end":{"line":44,"column":null}},"line":41},"5":{"name":"extractTimestamp","decl":{"start":{"line":46,"column":9},"end":{"line":46,"column":25}},"loc":{"start":{"line":46,"column":36},"end":{"line":51,"column":null}},"line":46},"6":{"name":"createRouter","decl":{"start":{"line":53,"column":16},"end":{"line":53,"column":28}},"loc":{"start":{"line":53,"column":83},"end":{"line":147,"column":null}},"line":53},"7":{"name":"handleRequest","decl":{"start":{"line":56,"column":24},"end":{"line":56,"column":37}},"loc":{"start":{"line":56,"column":48},"end":{"line":146,"column":3}},"line":56},"8":{"name":"(anonymous_8)","decl":{"start":{"line":102,"column":10},"end":{"line":102,"column":11}},"loc":{"start":{"line":102,"column":16},"end":{"line":102,"column":null}},"line":102},"9":{"name":"(anonymous_9)","decl":{"start":{"line":106,"column":24},"end":{"line":106,"column":29}},"loc":{"start":{"line":106,"column":44},"end":{"line":116,"column":11}},"line":106},"10":{"name":"(anonymous_10)","decl":{"start":{"line":120,"column":21},"end":{"line":120,"column":22}},"loc":{"start":{"line":120,"column":31},"end":{"line":120,"column":67}},"line":120}},"branchMap":{"0":{"loc":{"start":{"line":43,"column":9},"end":{"line":43,"column":32}},"type":"cond-expr","locations":[{"start":{"line":43,"column":17},"end":{"line":43,"column":25}},{"start":{"line":43,"column":28},"end":{"line":43,"column":32}}],"line":43},"1":{"loc":{"start":{"line":48,"column":2},"end":{"line":48,"column":null}},"type":"if","locations":[{"start":{"line":48,"column":2},"end":{"line":48,"column":null}},{"start":{},"end":{}}],"line":48},"2":{"loc":{"start":{"line":50,"column":9},"end":{"line":50,"column":40}},"type":"cond-expr","locations":[{"start":{"line":50,"column":21},"end":{"line":50,"column":33}},{"start":{"line":50,"column":36},"end":{"line":50,"column":40}}],"line":50},"3":{"loc":{"start":{"line":60,"column":4},"end":{"line":64,"column":null}},"type":"if","locations":[{"start":{"line":60,"column":4},"end":{"line":64,"column":null}},{"start":{},"end":{}}],"line":60},"4":{"loc":{"start":{"line":67,"column":4},"end":{"line":70,"column":null}},"type":"if","locations":[{"start":{"line":67,"column":4},"end":{"line":70,"column":null}},{"start":{},"end":{}}],"line":67},"5":{"loc":{"start":{"line":73,"column":4},"end":{"line":76,"column":null}},"type":"if","locations":[{"start":{"line":73,"column":4},"end":{"line":76,"column":null}},{"start":{},"end":{}}],"line":73},"6":{"loc":{"start":{"line":79,"column":4},"end":{"line":84,"column":null}},"type":"if","locations":[{"start":{"line":79,"column":4},"end":{"line":84,"column":null}},{"start":{},"end":{}}],"line":79},"7":{"loc":{"start":{"line":87,"column":4},"end":{"line":95,"column":null}},"type":"if","locations":[{"start":{"line":87,"column":4},"end":{"line":95,"column":null}},{"start":{},"end":{}}],"line":87},"8":{"loc":{"start":{"line":98,"column":4},"end":{"line":126,"column":null}},"type":"if","locations":[{"start":{"line":98,"column":4},"end":{"line":126,"column":null}},{"start":{},"end":{}}],"line":98},"9":{"loc":{"start":{"line":102,"column":16},"end":{"line":102,"column":null}},"type":"binary-expr","locations":[{"start":{"line":102,"column":16},"end":{"line":102,"column":39}},{"start":{"line":102,"column":43},"end":{"line":102,"column":null}}],"line":102},"10":{"loc":{"start":{"line":129,"column":4},"end":{"line":143,"column":null}},"type":"if","locations":[{"start":{"line":129,"column":4},"end":{"line":143,"column":null}},{"start":{},"end":{}}],"line":129},"11":{"loc":{"start":{"line":132,"column":6},"end":{"line":135,"column":null}},"type":"if","locations":[{"start":{"line":132,"column":6},"end":{"line":135,"column":null}},{"start":{},"end":{}}],"line":132},"12":{"loc":{"start":{"line":132,"column":10},"end":{"line":132,"column":59}},"type":"binary-expr","locations":[{"start":{"line":132,"column":10},"end":{"line":132,"column":33}},{"start":{"line":132,"column":37},"end":{"line":132,"column":59}}],"line":132}},"s":{"0":7,"1":7,"2":7,"3":8,"4":8,"5":8,"6":7,"7":7,"8":4,"9":2,"10":2,"11":2,"12":0,"13":3,"14":3,"15":3,"16":3,"17":3,"18":0,"19":0,"20":19,"21":19,"22":17,"23":17,"24":17,"25":2,"26":2,"27":2,"28":15,"29":1,"30":1,"31":14,"32":1,"33":1,"34":13,"35":3,"36":3,"37":3,"38":3,"39":10,"40":2,"41":2,"42":2,"43":8,"44":3,"45":3,"46":3,"47":4,"48":3,"49":3,"50":3,"51":3,"52":3,"53":3,"54":3,"55":3,"56":1,"57":3,"58":0,"59":3,"60":5,"61":3,"62":3,"63":1,"64":1,"65":2,"66":2,"67":1,"68":1,"69":2,"70":2},"f":{"0":8,"1":7,"2":4,"3":2,"4":3,"5":3,"6":19,"7":17,"8":4,"9":3,"10":1},"b":{"0":[3,0],"1":[3,0],"2":[0,0],"3":[2,15],"4":[1,14],"5":[1,13],"6":[3,10],"7":[2,8],"8":[3,5],"9":[4,4],"10":[3,2],"11":[1,2],"12":[3,3]},"meta":{"lastBranch":13,"lastFunction":11,"lastStatement":71,"seen":{"s:7:18:7:49":0,"s:8:17:8:37":1,"s:9:13:9:41":2,"f:11:9:11:17":0,"s:12:15:12:35":3,"s:13:2:16:Infinity":4,"s:17:2:17:Infinity":5,"f:20:9:20:17":1,"s:21:2:24:Infinity":6,"s:25:2:25:Infinity":7,"f:28:9:28:16":2,"s:29:2:29:Infinity":8,"f:32:15:32:26":3,"s:33:2:38:Infinity":9,"s:34:17:34:62":10,"s:35:4:35:Infinity":11,"s:37:4:37:Infinity":12,"f:41:9:41:21":4,"s:42:16:42:52":13,"s:43:2:43:Infinity":14,"b:43:17:43:25:43:28:43:32":0,"f:46:9:46:25":5,"s:47:16:47:61":15,"b:48:2:48:Infinity:undefined:undefined:undefined:undefined":1,"s:48:2:48:Infinity":16,"s:48:13:48:Infinity":17,"s:49:20:49:58":18,"s:50:2:50:Infinity":19,"b:50:21:50:33:50:36:50:40":2,"f:53:16:53:28":6,"s:54:15:54:36":20,"s:56:2:146:Infinity":21,"f:56:24:56:37":7,"s:57:16:57:62":22,"s:58:17:58:29":23,"b:60:4:64:Infinity:undefined:undefined:undefined:undefined":3,"s:60:4:64:Infinity":24,"s:61:6:61:Infinity":25,"s:62:6:62:Infinity":26,"s:63:6:63:Infinity":27,"b:67:4:70:Infinity:undefined:undefined:undefined:undefined":4,"s:67:4:70:Infinity":28,"s:68:6:68:Infinity":29,"s:69:6:69:Infinity":30,"b:73:4:76:Infinity:undefined:undefined:undefined:undefined":5,"s:73:4:76:Infinity":31,"s:74:6:74:Infinity":32,"s:75:6:75:Infinity":33,"b:79:4:84:Infinity:undefined:undefined:undefined:undefined":6,"s:79:4:84:Infinity":34,"s:80:6:80:Infinity":35,"s:81:6:81:Infinity":36,"s:82:6:82:Infinity":37,"s:83:6:83:Infinity":38,"b:87:4:95:Infinity:undefined:undefined:undefined:undefined":7,"s:87:4:95:Infinity":39,"s:88:19:88:31":40,"s:89:6:93:Infinity":41,"s:94:6:94:Infinity":42,"b:98:4:126:Infinity:undefined:undefined:undefined:undefined":8,"s:98:4:126:Infinity":43,"s:99:6:124:Infinity":44,"s:100:22:100:42":45,"s:101:26:103:9":46,"f:102:10:102:11":8,"s:102:16:102:Infinity":47,"b:102:16:102:39:102:43:102:Infinity":9,"s:105:24:117:9":48,"f:106:24:106:29":9,"s:107:24:107:28":49,"s:108:12:113:Infinity":50,"s:109:30:109:75":51,"s:110:14:110:Infinity":52,"s:114:30:114:56":53,"s:115:12:115:Infinity":54,"s:120:8:120:Infinity":55,"f:120:21:120:22":10,"s:120:31:120:67":56,"s:121:8:121:Infinity":57,"s:123:8:123:Infinity":58,"s:125:6:125:Infinity":59,"b:129:4:143:Infinity:undefined:undefined:undefined:undefined":10,"s:129:4:143:Infinity":60,"s:130:23:130:51":61,"b:132:6:135:Infinity:undefined:undefined:undefined:undefined":11,"s:132:6:135:Infinity":62,"b:132:10:132:33:132:37:132:59":12,"s:133:8:133:Infinity":63,"s:134:8:134:Infinity":64,"s:136:6:141:Infinity":65,"s:137:21:137:66":66,"s:138:8:138:Infinity":67,"s:140:8:140:Infinity":68,"s:142:6:142:Infinity":69,"s:145:4:145:Infinity":70}}}
,"/Users/tom/code/lindow-consulting/chat-glass/src/server/start.js": {"path":"/Users/tom/code/lindow-consulting/chat-glass/src/server/start.js","statementMap":{"0":{"start":{"line":8,"column":19},"end":{"line":8,"column":51}},"1":{"start":{"line":10,"column":0},"end":{"line":17,"column":null}},"2":{"start":{"line":11,"column":19},"end":{"line":11,"column":48}},"3":{"start":{"line":13,"column":2},"end":{"line":13,"column":null}},"4":{"start":{"line":15,"column":2},"end":{"line":15,"column":null}},"5":{"start":{"line":16,"column":2},"end":{"line":16,"column":null}}},"fnMap":{},"branchMap":{"0":{"loc":{"start":{"line":8,"column":19},"end":{"line":8,"column":51}},"type":"binary-expr","locations":[{"start":{"line":8,"column":19},"end":{"line":8,"column":34}},{"start":{"line":8,"column":38},"end":{"line":8,"column":51}}],"line":8}},"s":{"0":0,"1":0,"2":0,"3":0,"4":0,"5":0},"f":{},"b":{"0":[0,0]},"meta":{"lastBranch":1,"lastFunction":0,"lastStatement":6,"seen":{"s:8:19:8:51":0,"b:8:19:8:34:8:38:8:51":0,"s:10:0:17:Infinity":1,"s:11:19:11:48":2,"s:13:2:13:Infinity":3,"s:15:2:15:Infinity":4,"s:16:2:16:Infinity":5}}}
,"/Users/tom/code/lindow-consulting/chat-glass/src/server/watcher.js": {"path":"/Users/tom/code/lindow-consulting/chat-glass/src/server/watcher.js","statementMap":{"0":{"start":{"line":5,"column":13},"end":{"line":5,"column":34}},"1":{"start":{"line":6,"column":22},"end":{"line":6,"column":26}},"2":{"start":{"line":7,"column":16},"end":{"line":7,"column":20}},"3":{"start":{"line":10,"column":4},"end":{"line":32,"column":null}},"4":{"start":{"line":11,"column":6},"end":{"line":17,"column":null}},"5":{"start":{"line":12,"column":8},"end":{"line":12,"column":null}},"6":{"start":{"line":12,"column":27},"end":{"line":12,"column":null}},"7":{"start":{"line":13,"column":8},"end":{"line":16,"column":null}},"8":{"start":{"line":14,"column":10},"end":{"line":14,"column":null}},"9":{"start":{"line":15,"column":10},"end":{"line":15,"column":null}},"10":{"start":{"line":19,"column":6},"end":{"line":29,"column":null}},"11":{"start":{"line":21,"column":8},"end":{"line":21,"column":null}},"12":{"start":{"line":22,"column":8},"end":{"line":28,"column":null}},"13":{"start":{"line":23,"column":10},"end":{"line":27,"column":null}},"14":{"start":{"line":24,"column":12},"end":{"line":24,"column":null}},"15":{"start":{"line":36,"column":4},"end":{"line":39,"column":null}},"16":{"start":{"line":37,"column":6},"end":{"line":37,"column":null}},"17":{"start":{"line":38,"column":6},"end":{"line":38,"column":null}},"18":{"start":{"line":40,"column":4},"end":{"line":43,"column":null}},"19":{"start":{"line":41,"column":6},"end":{"line":41,"column":null}},"20":{"start":{"line":42,"column":6},"end":{"line":42,"column":null}},"21":{"start":{"line":46,"column":2},"end":{"line":46,"column":null}},"22":{"start":{"line":48,"column":2},"end":{"line":48,"column":null}}},"fnMap":{"0":{"name":"createWatcher","decl":{"start":{"line":4,"column":16},"end":{"line":4,"column":29}},"loc":{"start":{"line":4,"column":52},"end":{"line":49,"column":null}},"line":4},"1":{"name":"start","decl":{"start":{"line":9,"column":11},"end":{"line":9,"column":16}},"loc":{"start":{"line":9,"column":19},"end":{"line":33,"column":null}},"line":9},"2":{"name":"(anonymous_2)","decl":{"start":{"line":11,"column":50},"end":{"line":11,"column":51}},"loc":{"start":{"line":11,"column":73},"end":{"line":17,"column":7}},"line":11},"3":{"name":"(anonymous_3)","decl":{"start":{"line":13,"column":35},"end":{"line":13,"column":36}},"loc":{"start":{"line":13,"column":41},"end":{"line":16,"column":9}},"line":13},"4":{"name":"(anonymous_4)","decl":{"start":{"line":19,"column":26},"end":{"line":19,"column":27}},"loc":{"start":{"line":19,"column":35},"end":{"line":29,"column":7}},"line":19},"5":{"name":"(anonymous_5)","decl":{"start":{"line":22,"column":19},"end":{"line":22,"column":20}},"loc":{"start":{"line":22,"column":25},"end":{"line":28,"column":9}},"line":22},"6":{"name":"close","decl":{"start":{"line":35,"column":11},"end":{"line":35,"column":16}},"loc":{"start":{"line":35,"column":19},"end":{"line":44,"column":null}},"line":35}},"branchMap":{"0":{"loc":{"start":{"line":12,"column":8},"end":{"line":12,"column":null}},"type":"if","locations":[{"start":{"line":12,"column":8},"end":{"line":12,"column":null}},{"start":{},"end":{}}],"line":12},"1":{"loc":{"start":{"line":36,"column":4},"end":{"line":39,"column":null}},"type":"if","locations":[{"start":{"line":36,"column":4},"end":{"line":39,"column":null}},{"start":{},"end":{}}],"line":36},"2":{"loc":{"start":{"line":40,"column":4},"end":{"line":43,"column":null}},"type":"if","locations":[{"start":{"line":40,"column":4},"end":{"line":43,"column":null}},{"start":{},"end":{}}],"line":40}},"s":{"0":22,"1":22,"2":22,"3":22,"4":22,"5":17,"6":10,"7":17,"8":3,"9":3,"10":22,"11":0,"12":0,"13":0,"14":0,"15":22,"16":4,"17":4,"18":22,"19":22,"20":22,"21":22,"22":22},"f":{"0":22,"1":22,"2":17,"3":3,"4":0,"5":0,"6":22},"b":{"0":[10,7],"1":[4,18],"2":[22,0]},"meta":{"lastBranch":3,"lastFunction":7,"lastStatement":23,"seen":{"f:4:16:4:29":0,"s:5:13:5:34":0,"s:6:22:6:26":1,"s:7:16:7:20":2,"f:9:11:9:16":1,"s:10:4:32:Infinity":3,"s:11:6:17:Infinity":4,"f:11:50:11:51":2,"b:12:8:12:Infinity:undefined:undefined:undefined:undefined":0,"s:12:8:12:Infinity":5,"s:12:27:12:Infinity":6,"s:13:8:16:Infinity":7,"f:13:35:13:36":3,"s:14:10:14:Infinity":8,"s:15:10:15:Infinity":9,"s:19:6:29:Infinity":10,"f:19:26:19:27":4,"s:21:8:21:Infinity":11,"s:22:8:28:Infinity":12,"f:22:19:22:20":5,"s:23:10:27:Infinity":13,"s:24:12:24:Infinity":14,"f:35:11:35:16":6,"b:36:4:39:Infinity:undefined:undefined:undefined:undefined":1,"s:36:4:39:Infinity":15,"s:37:6:37:Infinity":16,"s:38:6:38:Infinity":17,"b:40:4:43:Infinity:undefined:undefined:undefined:undefined":2,"s:40:4:43:Infinity":18,"s:41:6:41:Infinity":19,"s:42:6:42:Infinity":20,"s:46:2:46:Infinity":21,"s:48:2:48:Infinity":22}}}
,"/Users/tom/code/lindow-consulting/chat-glass/src/utils/config.js": {"path":"/Users/tom/code/lindow-consulting/chat-glass/src/utils/config.js","statementMap":{"0":{"start":{"line":5,"column":17},"end":{"line":10,"column":1}},"1":{"start":{"line":13,"column":2},"end":{"line":18,"column":null}},"2":{"start":{"line":14,"column":16},"end":{"line":14,"column":62}},"3":{"start":{"line":15,"column":4},"end":{"line":15,"column":null}},"4":{"start":{"line":17,"column":4},"end":{"line":17,"column":null}},"5":{"start":{"line":22,"column":18},"end":{"line":22,"column":41}},"6":{"start":{"line":23,"column":2},"end":{"line":23,"column":null}},"7":{"start":{"line":24,"column":14},"end":{"line":24,"column":31}},"8":{"start":{"line":25,"column":2},"end":{"line":25,"column":null}},"9":{"start":{"line":26,"column":2},"end":{"line":26,"column":null}},"10":{"start":{"line":30,"column":2},"end":{"line":30,"column":null}}},"fnMap":{"0":{"name":"readConfig","decl":{"start":{"line":12,"column":22},"end":{"line":12,"column":32}},"loc":{"start":{"line":12,"column":45},"end":{"line":19,"column":null}},"line":12},"1":{"name":"writeConfig","decl":{"start":{"line":21,"column":22},"end":{"line":21,"column":33}},"loc":{"start":{"line":21,"column":54},"end":{"line":27,"column":null}},"line":21},"2":{"name":"ensureDirs","decl":{"start":{"line":29,"column":22},"end":{"line":29,"column":32}},"loc":{"start":{"line":29,"column":45},"end":{"line":31,"column":null}},"line":29}},"branchMap":{},"s":{"0":7,"1":10,"2":10,"3":5,"4":6,"5":22,"6":22,"7":22,"8":22,"9":22,"10":25},"f":{"0":10,"1":22,"2":25},"b":{},"meta":{"lastBranch":0,"lastFunction":3,"lastStatement":11,"seen":{"s:5:17:10:1":0,"f:12:22:12:32":0,"s:13:2:18:Infinity":1,"s:14:16:14:62":2,"s:15:4:15:Infinity":3,"s:17:4:17:Infinity":4,"f:21:22:21:33":1,"s:22:18:22:41":5,"s:23:2:23:Infinity":6,"s:24:14:24:31":7,"s:25:2:25:Infinity":8,"s:26:2:26:Infinity":9,"f:29:22:29:32":2,"s:30:2:30:Infinity":10}}}
,"/Users/tom/code/lindow-consulting/chat-glass/src/utils/paths.js": {"path":"/Users/tom/code/lindow-consulting/chat-glass/src/utils/paths.js","statementMap":{"0":{"start":{"line":4,"column":2},"end":{"line":4,"column":null}},"1":{"start":{"line":8,"column":2},"end":{"line":8,"column":null}},"2":{"start":{"line":12,"column":2},"end":{"line":12,"column":null}},"3":{"start":{"line":16,"column":2},"end":{"line":16,"column":null}}},"fnMap":{"0":{"name":"pagesDir","decl":{"start":{"line":3,"column":16},"end":{"line":3,"column":24}},"loc":{"start":{"line":3,"column":37},"end":{"line":5,"column":null}},"line":3},"1":{"name":"configPath","decl":{"start":{"line":7,"column":16},"end":{"line":7,"column":26}},"loc":{"start":{"line":7,"column":39},"end":{"line":9,"column":null}},"line":7},"2":{"name":"latestPath","decl":{"start":{"line":11,"column":16},"end":{"line":11,"column":26}},"loc":{"start":{"line":11,"column":39},"end":{"line":13,"column":null}},"line":11},"3":{"name":"getProjectDir","decl":{"start":{"line":15,"column":16},"end":{"line":15,"column":29}},"loc":{"start":{"line":15,"column":32},"end":{"line":17,"column":null}},"line":15}},"branchMap":{},"s":{"0":73,"1":53,"2":2,"3":0},"f":{"0":73,"1":53,"2":2,"3":0},"b":{},"meta":{"lastBranch":0,"lastFunction":4,"lastStatement":4,"seen":{"f:3:16:3:24":0,"s:4:2:4:Infinity":0,"f:7:16:7:26":1,"s:8:2:8:Infinity":1,"f:11:16:11:26":2,"s:12:2:12:Infinity":2,"f:15:16:15:29":3,"s:16:2:16:Infinity":3}}}
,"/Users/tom/code/lindow-consulting/chat-glass/src/utils/port.js": {"path":"/Users/tom/code/lindow-consulting/chat-glass/src/utils/port.js","statementMap":{"0":{"start":{"line":3,"column":17},"end":{"line":3,"column":21}},"1":{"start":{"line":4,"column":17},"end":{"line":4,"column":21}},"2":{"start":{"line":7,"column":2},"end":{"line":14,"column":null}},"3":{"start":{"line":8,"column":18},"end":{"line":8,"column":33}},"4":{"start":{"line":9,"column":4},"end":{"line":9,"column":null}},"5":{"start":{"line":10,"column":4},"end":{"line":10,"column":null}},"6":{"start":{"line":10,"column":29},"end":{"line":10,"column":43}},"7":{"start":{"line":11,"column":4},"end":{"line":13,"column":null}},"8":{"start":{"line":12,"column":6},"end":{"line":12,"column":null}},"9":{"start":{"line":12,"column":25},"end":{"line":12,"column":38}},"10":{"start":{"line":18,"column":2},"end":{"line":20,"column":null}},"11":{"start":{"line":18,"column":18},"end":{"line":18,"column":26}},"12":{"start":{"line":19,"column":4},"end":{"line":19,"column":null}},"13":{"start":{"line":19,"column":29},"end":{"line":19,"column":null}},"14":{"start":{"line":21,"column":2},"end":{"line":23,"column":null}}},"fnMap":{"0":{"name":"tryPort","decl":{"start":{"line":6,"column":9},"end":{"line":6,"column":16}},"loc":{"start":{"line":6,"column":23},"end":{"line":15,"column":null}},"line":6},"1":{"name":"(anonymous_1)","decl":{"start":{"line":7,"column":21},"end":{"line":7,"column":22}},"loc":{"start":{"line":7,"column":34},"end":{"line":14,"column":3}},"line":7},"2":{"name":"(anonymous_2)","decl":{"start":{"line":10,"column":23},"end":{"line":10,"column":24}},"loc":{"start":{"line":10,"column":29},"end":{"line":10,"column":43}},"line":10},"3":{"name":"(anonymous_3)","decl":{"start":{"line":11,"column":37},"end":{"line":11,"column":38}},"loc":{"start":{"line":11,"column":43},"end":{"line":13,"column":5}},"line":11},"4":{"name":"(anonymous_4)","decl":{"start":{"line":12,"column":19},"end":{"line":12,"column":20}},"loc":{"start":{"line":12,"column":25},"end":{"line":12,"column":38}},"line":12},"5":{"name":"findFreePort","decl":{"start":{"line":17,"column":22},"end":{"line":17,"column":34}},"loc":{"start":{"line":17,"column":37},"end":{"line":24,"column":null}},"line":17}},"branchMap":{"0":{"loc":{"start":{"line":19,"column":4},"end":{"line":19,"column":null}},"type":"if","locations":[{"start":{"line":19,"column":4},"end":{"line":19,"column":null}},{"start":{},"end":{}}],"line":19}},"s":{"0":8,"1":8,"2":56,"3":56,"4":56,"5":56,"6":34,"7":56,"8":22,"9":22,"10":23,"11":23,"12":56,"13":22,"14":1},"f":{"0":56,"1":56,"2":34,"3":22,"4":22,"5":23},"b":{"0":[22,34]},"meta":{"lastBranch":1,"lastFunction":6,"lastStatement":15,"seen":{"s:3:17:3:21":0,"s:4:17:4:21":1,"f:6:9:6:16":0,"s:7:2:14:Infinity":2,"f:7:21:7:22":1,"s:8:18:8:33":3,"s:9:4:9:Infinity":4,"s:10:4:10:Infinity":5,"f:10:23:10:24":2,"s:10:29:10:43":6,"s:11:4:13:Infinity":7,"f:11:37:11:38":3,"s:12:6:12:Infinity":8,"f:12:19:12:20":4,"s:12:25:12:38":9,"f:17:22:17:34":5,"s:18:2:20:Infinity":10,"s:18:18:18:26":11,"b:19:4:19:Infinity:undefined:undefined:undefined:undefined":0,"s:19:4:19:Infinity":12,"s:19:29:19:Infinity":13,"s:21:2:23:Infinity":14}}}
}
